<?xml version="1.0" encoding="UTF-8"?>
<!-- Generated by org.testng.reporters.JUnitXMLReporter -->
<testsuite hostname="CBR-LAP-DEL2443" name="FinanceModuleTests" tests="1" failures="1" timestamp="23 May 2019 08:33:46 GMT" time="0.178" errors="0">
  <testcase name="@AfterMethod tearDown" time="0.0" classname="com.cloud.test.Finance.Phase2.GL_How_to_Approve_Journal_by_GL_Manager">
    <failure type="java.lang.NullPointerException">
      <![CDATA[java.lang.NullPointerException
	at com.cloud.utils.Screenshot.takeScreenshotX(Screenshot.java:55)
	at com.cloud.BaseWebTest.tearDown(BaseWebTest.java:78)
	at com.cloud.utils.DynamicTestNGXmlUtil.createTestXml(DynamicTestNGXmlUtil.java:45)
	at com.cloud.util.DynamicTestNGSuite_Finance_Phase2.setTestNGXml(DynamicTestNGSuite_Finance_Phase2.java:32)
... Removed 46 stack frames]]>
    </failure>
  </testcase> <!-- @AfterMethod tearDown -->
  <testcase name="Cloud_How_to_Approve_Journal" time="0.0" classname="com.cloud.test.Finance.Phase2.GL_How_to_Approve_Journal_by_GL_Manager">
    <failure type="java.lang.NullPointerException">
      <![CDATA[java.lang.NullPointerException
	at com.google.common.base.Preconditions.checkNotNull(Preconditions.java:882)
	at org.openqa.selenium.support.ui.FluentWait.<init>(FluentWait.java:104)
	at org.openqa.selenium.support.ui.WebDriverWait.<init>(WebDriverWait.java:71)
	at org.openqa.selenium.support.ui.WebDriverWait.<init>(WebDriverWait.java:45)
	at com.cloud.pageobjects.LoginPage.<init>(LoginPage.java:65)
	at com.cloud.test.Finance.Phase2.GL_How_to_Approve_Journal_by_GL_Manager.Cloud_How_to_Approve_Journal(GL_How_to_Approve_Journal_by_GL_Manager.java:29)
	at com.cloud.utils.DynamicTestNGXmlUtil.createTestXml(DynamicTestNGXmlUtil.java:45)
	at com.cloud.util.DynamicTestNGSuite_Finance_Phase2.setTestNGXml(DynamicTestNGSuite_Finance_Phase2.java:32)
... Removed 45 stack frames]]>
    </failure>
  </testcase> <!-- Cloud_How_to_Approve_Journal -->
</testsuite> <!-- FinanceModuleTests -->
